<?xml version="1.0" encoding="UTF-8"?>
<testsuite xmlns:xsi="http://www.w3.org/2001/XMLSchema-instance" xsi:noNamespaceSchemaLocation="https://maven.apache.org/surefire/maven-surefire-plugin/xsd/surefire-test-report.xsd" name="org.category.movie.MovieResourceTest" time="5.117" tests="7" errors="0" skipped="0" failures="0">
  <properties>
[...]
</properties>
  <testcase name="testAddMoreActionMovies" classname="org.category.movie.MovieResourceTest" time="1.388"/>
  <testcase name="testAddMovie" classname="org.category.movie.MovieResourceTest" time="0.022"/>
  <testcase name="testFindMoviesByCategoryDrama" classname="org.category.movie.MovieResourceTest" time="0.494"/>
  <testcase name="testAddMovieWithManyCategories" classname="org.category.movie.MovieResourceTest" time="0.02"/>
  <testcase name="testFindMoviesByCategoryRomance" classname="org.category.movie.MovieResourceTest" time="0.023"/>
  <testcase name="testGetAll" classname="org.category.movie.MovieResourceTest" time="0.027"/>
  <testcase name="testFindMoviesByCategoriesRomanceAndAction" classname="org.category.movie.MovieResourceTest" time="0.02"/>
</testsuite>